"D:\Program Files\CLion 2018.2.5\bin\cmake\win\bin\cmake.exe" -DCMAKE_BUILD_TYPE=Debug -G "CodeBlocks - MinGW Makefiles" D:\桌面.附件\试做\c\calculate\123
-- The C compiler identification is GNU 5.1.0
-- Check for working C compiler: C:/Program Files (x86)/CodeBlocks/MinGW/bin/gcc.exe
-- Check for working C compiler: C:/Program Files (x86)/CodeBlocks/MinGW/bin/gcc.exe -- broken
CMake Error at D:/Program Files/CLion 2018.2.5/bin/cmake/win/share/cmake-3.12/Modules/CMakeTestCCompiler.cmake:52 (message):
  The C compiler

    "C:/Program Files (x86)/CodeBlocks/MinGW/bin/gcc.exe"

  is not able to compile a simple test program.

  It fails with the following output:

    Change Dir: D:/妗岄潰.闄勪欢/璇曞仛/c/calculate/123/cmake-build-debug/CMakeFiles/CMakeTmp
    
    Run Build Command:"C:/PROGRA~2/CODEBL~1/MinGW/bin/mingw32-make.exe" "cmTC_7aaf1/fast"
    C:/PROGRA~2/CODEBL~1/MinGW/bin/mingw32-make.exe -f CMakeFiles\cmTC_7aaf1.dir\build.make CMakeFiles/cmTC_7aaf1.dir/build
    mingw32-make.exe[1]: Entering directory 'D:/妗岄潰.闄勪欢/璇曞仛/c/calculate/123/cmake-build-debug/CMakeFiles/CMakeTmp'
    Building C object CMakeFiles/cmTC_7aaf1.dir/testCCompiler.c.obj
    C:\PROGRA~2\CODEBL~1\MinGW\bin\gcc.exe    -o CMakeFiles\cmTC_7aaf1.dir\testCCompiler.c.obj   -c D:\濡楀矂娼�.闂勫嫪娆鐠囨洖浠沑c\calculate\123\cmake-build-debug\CMakeFiles\CMakeTmp\testCCompiler.c
    gcc.exe: error: D:\濡楀矂娼�.闂勫嫪娆鐠囨洖浠沑c\calculate\123\cmake-build-debug\CMakeFiles\CMakeTmp\testCCompiler.c: No such file or directory
    gcc.exe: fatal error: no input files
    compilation terminated.
    CMakeFiles\cmTC_7aaf1.dir\build.make:64: recipe for target 'CMakeFiles/cmTC_7aaf1.dir/testCCompiler.c.obj' failed
    mingw32-make.exe[1]: *** [CMakeFiles/cmTC_7aaf1.dir/testCCompiler.c.obj] Error 1
    mingw32-make.exe[1]: Leaving directory 'D:/妗岄潰.闄勪欢/璇曞仛/c/calculate/123/cmake-build-debug/CMakeFiles/CMakeTmp'
    Makefile:120: recipe for target 'cmTC_7aaf1/fast' failed
    mingw32-make.exe: *** [cmTC_7aaf1/fast] Error 2
    

  

  CMake will not be able to correctly generate this project.
Call Stack (most recent call first):
  CMakeLists.txt:2 (project)


-- Configuring incomplete, errors occurred!
See also "D:/妗岄潰.闄勪欢/璇曞仛/c/calculate/123/cmake-build-debug/CMakeFiles/CMakeOutput.log".
See also "D:/妗岄潰.闄勪欢/璇曞仛/c/calculate/123/cmake-build-debug/CMakeFiles/CMakeError.log".
